
experiment.py ... 
|  experiment: nb=3, mem=5.06 kB, case=0 ... 
|  |      nb = 3
|  |  natoms = 108
|  |    rmin = 1.12246204831
|  |       a = 1.58740105197
|  |  cutoff = 3.36738614493
|  |       w = 3.36738614493
|  |  nb*a/w = 1.41421356237
|  |  build_verlet_list(atoms=108, case=0) ... 
|  |  |  ParticleContainer.build_verlet_list_hilbert: w=3.36738614493, rc=3.36738614493 ... 
|  |  |  |  ParticleContainer.build_verlet_list - spatial sort ... 
|  |  |  |  |  Spatial sort skipped on request.
|  |  |  |  ParticleContainer.build_verlet_list - spatial sort: completed in 0.000211 s.
|  |  |  |  ParticleContainer.build_verlet_list - building hilbert list ... completed in 5.39e-05 s.
|  |  |  |  ParticleContainer.build_verlet_list - building verlet list ... 
|  |  |  |  |  (executing C++ version)
|  |  |  |  ParticleContainer.build_verlet_list - building verlet list: completed in 0.00113 s.
|  |  |  ParticleContainer.build_verlet_list_hilbert: w=3.36738614493, rc=3.36738614493: completed in 0.00163 s.
|  |  build_verlet_list(atoms=108, case=0): completed in 0.00166 s.
|  |  ParticleContainer.compute_interactions - computing interactions ...
|  |  1 x ParticleContainer.compute_interactions_verlet done in 31.0s
|  |  memory used   : 17.46875 kB
|  |  total cputime : 31.0 s
|  |  cputime/iter  : 31.0 s
|  |  interactions/s: 98.9677419355
|  experiment: nb=3, mem=5.06 kB, case=0: completed in 0.156 s.
|  
|  experiment: nb=4, mem=12 kB, case=0 ... 
|  |      nb = 4
|  |  natoms = 256
|  |    rmin = 1.12246204831
|  |       a = 1.58740105197
|  |  cutoff = 3.36738614493
|  |       w = 3.36738614493
|  |  nb*a/w = 1.88561808316
|  |  build_verlet_list(atoms=256, case=0) ... 
|  |  |  ParticleContainer.build_verlet_list_hilbert: w=3.36738614493, rc=3.36738614493 ... 
|  |  |  |  ParticleContainer.build_verlet_list - spatial sort ... 
|  |  |  |  |  Spatial sort skipped on request.
|  |  |  |  ParticleContainer.build_verlet_list - spatial sort: completed in 9.3e-05 s.
|  |  |  |  ParticleContainer.build_verlet_list - building hilbert list ... completed in 9.01e-05 s.
|  |  |  |  ParticleContainer.build_verlet_list - building verlet list ... 
|  |  |  |  |  (executing C++ version)
|  |  |  |  ParticleContainer.build_verlet_list - building verlet list: completed in 0.00234 s.
|  |  |  ParticleContainer.build_verlet_list_hilbert: w=3.36738614493, rc=3.36738614493: completed in 0.00264 s.
|  |  build_verlet_list(atoms=256, case=0): completed in 0.00267 s.
|  |  ParticleContainer.compute_interactions - computing interactions ...
|  |  1 x ParticleContainer.compute_interactions_verlet done in 98.0s
|  |  memory used   : 50.125 kB
|  |  total cputime : 98.0 s
|  |  cputime/iter  : 98.0 s
|  |  interactions/s: 96.9795918367
|  experiment: nb=4, mem=12 kB, case=0: completed in 0.00752 s.
|  
|  experiment: nb=5, mem=23.4 kB, case=0 ... 
|  |      nb = 5
|  |  natoms = 500
|  |    rmin = 1.12246204831
|  |       a = 1.58740105197
|  |  cutoff = 3.36738614493
|  |       w = 3.36738614493
|  |  nb*a/w = 2.35702260396
|  |  build_verlet_list(atoms=500, case=0) ... 
|  |  |  ParticleContainer.build_verlet_list_hilbert: w=3.36738614493, rc=3.36738614493 ... 
|  |  |  |  ParticleContainer.build_verlet_list - spatial sort ... 
|  |  |  |  |  Spatial sort skipped on request.
|  |  |  |  ParticleContainer.build_verlet_list - spatial sort: completed in 9.58e-05 s.
|  |  |  |  ParticleContainer.build_verlet_list - building hilbert list ... completed in 0.000161 s.
|  |  |  |  ParticleContainer.build_verlet_list - building verlet list ... 
|  |  |  |  |  (executing C++ version)
|  |  |  |  ParticleContainer.build_verlet_list - building verlet list: completed in 0.00468 s.
|  |  |  ParticleContainer.build_verlet_list_hilbert: w=3.36738614493, rc=3.36738614493: completed in 0.00501 s.
|  |  build_verlet_list(atoms=500, case=0): completed in 0.00504 s.
|  |  ParticleContainer.compute_interactions - computing interactions ...
|  |  1 x ParticleContainer.compute_interactions_verlet done in 229.0s
|  |  memory used   : 113.3203125 kB
|  |  total cputime : 229.0 s
|  |  cputime/iter  : 229.0 s
|  |  interactions/s: 98.2969432314
|  experiment: nb=5, mem=23.4 kB, case=0: completed in 0.014 s.
|  
|  experiment: nb=6, mem=40.5 kB, case=0 ... 
|  |      nb = 6
|  |  natoms = 864
|  |    rmin = 1.12246204831
|  |       a = 1.58740105197
|  |  cutoff = 3.36738614493
|  |       w = 3.36738614493
|  |  nb*a/w = 2.82842712475
|  |  build_verlet_list(atoms=864, case=0) ... 
|  |  |  ParticleContainer.build_verlet_list_hilbert: w=3.36738614493, rc=3.36738614493 ... 
|  |  |  |  ParticleContainer.build_verlet_list - spatial sort ... 
|  |  |  |  |  Spatial sort skipped on request.
|  |  |  |  ParticleContainer.build_verlet_list - spatial sort: completed in 0.000106 s.
|  |  |  |  ParticleContainer.build_verlet_list - building hilbert list ... completed in 0.000237 s.
|  |  |  |  ParticleContainer.build_verlet_list - building verlet list ... 
|  |  |  |  |  (executing C++ version)
|  |  |  |  ParticleContainer.build_verlet_list - building verlet list: completed in 0.00802 s.
|  |  |  ParticleContainer.build_verlet_list_hilbert: w=3.36738614493, rc=3.36738614493: completed in 0.00844 s.
|  |  build_verlet_list(atoms=864, case=0): completed in 0.00846 s.
|  |  ParticleContainer.compute_interactions - computing interactions ...
|  |  1 x ParticleContainer.compute_interactions_verlet done in 385.0s
|  |  memory used   : 211.875 kB
|  |  total cputime : 385.0 s
|  |  cputime/iter  : 385.0 s
|  |  interactions/s: 111.709090909
|  experiment: nb=6, mem=40.5 kB, case=0: completed in 0.0237 s.
|  
|  experiment: nb=7, mem=64.3 kB, case=0 ... 
|  |      nb = 7
|  |  natoms = 1372
|  |    rmin = 1.12246204831
|  |       a = 1.58740105197
|  |  cutoff = 3.36738614493
|  |       w = 3.36738614493
|  |  nb*a/w = 3.29983164554
|  |  build_verlet_list(atoms=1372, case=0) ... 
|  |  |  ParticleContainer.build_verlet_list_hilbert: w=3.36738614493, rc=3.36738614493 ... 
|  |  |  |  ParticleContainer.build_verlet_list - spatial sort ... 
|  |  |  |  |  Spatial sort skipped on request.
|  |  |  |  ParticleContainer.build_verlet_list - spatial sort: completed in 0.000192 s.
|  |  |  |  ParticleContainer.build_verlet_list - building hilbert list ... completed in 0.000387 s.
|  |  |  |  ParticleContainer.build_verlet_list - building verlet list ... 
|  |  |  |  |  (executing C++ version)
|  |  |  |  ParticleContainer.build_verlet_list - building verlet list: completed in 0.0128 s.
|  |  |  ParticleContainer.build_verlet_list_hilbert: w=3.36738614493, rc=3.36738614493: completed in 0.0134 s.
|  |  build_verlet_list(atoms=1372, case=0): completed in 0.0135 s.
|  |  ParticleContainer.compute_interactions - computing interactions ...
|  |  1 x ParticleContainer.compute_interactions_verlet done in 715.0s
|  |  memory used   : 358.9375 kB
|  |  total cputime : 715.0 s
|  |  cputime/iter  : 715.0 s
|  |  interactions/s: 103.569230769
|  experiment: nb=7, mem=64.3 kB, case=0: completed in 0.0375 s.
|  
|  experiment: nb=8, mem=96 kB, case=0 ... 
|  |      nb = 8
|  |  natoms = 2048
|  |    rmin = 1.12246204831
|  |       a = 1.58740105197
|  |  cutoff = 3.36738614493
|  |       w = 3.36738614493
|  |  nb*a/w = 3.77123616633
|  |  build_verlet_list(atoms=2048, case=0) ... 
|  |  |  ParticleContainer.build_verlet_list_hilbert: w=3.36738614493, rc=3.36738614493 ... 
|  |  |  |  ParticleContainer.build_verlet_list - spatial sort ... 
|  |  |  |  |  Spatial sort skipped on request.
|  |  |  |  ParticleContainer.build_verlet_list - spatial sort: completed in 0.000207 s.
|  |  |  |  ParticleContainer.build_verlet_list - building hilbert list ... completed in 0.000587 s.
|  |  |  |  ParticleContainer.build_verlet_list - building verlet list ... 
|  |  |  |  |  (executing C++ version)
|  |  |  |  ParticleContainer.build_verlet_list - building verlet list: completed in 0.0192 s.
|  |  |  ParticleContainer.build_verlet_list_hilbert: w=3.36738614493, rc=3.36738614493: completed in 0.0201 s.
|  |  build_verlet_list(atoms=2048, case=0): completed in 0.0201 s.
|  |  ParticleContainer.compute_interactions - computing interactions ...
|  |  1 x ParticleContainer.compute_interactions_verlet done in 1110.0s
|  |  memory used   : 566.2578125 kB
|  |  total cputime : 1110.0 s
|  |  cputime/iter  : 1110.0 s
|  |  interactions/s: 106.610810811
|  experiment: nb=8, mem=96 kB, case=0: completed in 0.0559 s.
|  
|  experiment: nb=10, mem=188 kB, case=0 ... 
|  |      nb = 10
|  |  natoms = 4000
|  |    rmin = 1.12246204831
|  |       a = 1.58740105197
|  |  cutoff = 3.36738614493
|  |       w = 3.36738614493
|  |  nb*a/w = 4.71404520791
|  |  build_verlet_list(atoms=4000, case=0) ... 
|  |  |  ParticleContainer.build_verlet_list_hilbert: w=3.36738614493, rc=3.36738614493 ... 
|  |  |  |  ParticleContainer.build_verlet_list - spatial sort ... 
|  |  |  |  |  Spatial sort skipped on request.
|  |  |  |  ParticleContainer.build_verlet_list - spatial sort: completed in 0.000461 s.
|  |  |  |  ParticleContainer.build_verlet_list - building hilbert list ... completed in 0.00127 s.
|  |  |  |  ParticleContainer.build_verlet_list - building verlet list ... 
|  |  |  |  |  (executing C++ version)
|  |  |  |  ParticleContainer.build_verlet_list - building verlet list: completed in 0.0389 s.
|  |  |  ParticleContainer.build_verlet_list_hilbert: w=3.36738614493, rc=3.36738614493: completed in 0.0407 s.
|  |  build_verlet_list(atoms=4000, case=0): completed in 0.0408 s.
|  |  ParticleContainer.compute_interactions - computing interactions ...
|  |  1 x ParticleContainer.compute_interactions_verlet done in 2257.0s
|  |  memory used   : 1160.7734375 kB
|  |  total cputime : 2257.0 s
|  |  cputime/iter  : 2257.0 s
|  |  interactions/s: 108.621178556
|  experiment: nb=10, mem=188 kB, case=0: completed in 0.11 s.
|  
|  experiment: nb=12, mem=324 kB, case=0 ... 
|  |      nb = 12
|  |  natoms = 6912
|  |    rmin = 1.12246204831
|  |       a = 1.58740105197
|  |  cutoff = 3.36738614493
|  |       w = 3.36738614493
|  |  nb*a/w = 5.65685424949
|  |  build_verlet_list(atoms=6912, case=0) ... 
|  |  |  ParticleContainer.build_verlet_list_hilbert: w=3.36738614493, rc=3.36738614493 ... 
|  |  |  |  ParticleContainer.build_verlet_list - spatial sort ... 
|  |  |  |  |  Spatial sort skipped on request.
|  |  |  |  ParticleContainer.build_verlet_list - spatial sort: completed in 0.000748 s.
|  |  |  |  ParticleContainer.build_verlet_list - building hilbert list ... completed in 0.00197 s.
|  |  |  |  ParticleContainer.build_verlet_list - building verlet list ... 
|  |  |  |  |  (executing C++ version)
|  |  |  |  ParticleContainer.build_verlet_list - building verlet list: completed in 0.0658 s.
|  |  |  ParticleContainer.build_verlet_list_hilbert: w=3.36738614493, rc=3.36738614493: completed in 0.0686 s.
|  |  build_verlet_list(atoms=6912, case=0): completed in 0.0687 s.
|  |  ParticleContainer.compute_interactions - computing interactions ...
|  |  1 x ParticleContainer.compute_interactions_verlet done in 4113.0s
|  |  memory used   : 2100.09375 kB
|  |  total cputime : 4113.0 s
|  |  cputime/iter  : 4113.0 s
|  |  interactions/s: 108.866520788
|  experiment: nb=12, mem=324 kB, case=0: completed in 0.189 s.
|  
|  experiment: nb=15, mem=633 kB, case=0 ... 
|  |      nb = 15
|  |  natoms = 13500
|  |    rmin = 1.12246204831
|  |       a = 1.58740105197
|  |  cutoff = 3.36738614493
|  |       w = 3.36738614493
|  |  nb*a/w = 7.07106781187
|  |  build_verlet_list(atoms=13500, case=0) ... 
|  |  |  ParticleContainer.build_verlet_list_hilbert: w=3.36738614493, rc=3.36738614493 ... 
|  |  |  |  ParticleContainer.build_verlet_list - spatial sort ... 
|  |  |  |  |  Spatial sort skipped on request.
|  |  |  |  ParticleContainer.build_verlet_list - spatial sort: completed in 0.00151 s.
|  |  |  |  ParticleContainer.build_verlet_list - building hilbert list ... completed in 0.00349 s.
|  |  |  |  ParticleContainer.build_verlet_list - building verlet list ... 
|  |  |  |  |  (executing C++ version)
|  |  |  |  ParticleContainer.build_verlet_list - building verlet list: completed in 0.135 s.
|  |  |  ParticleContainer.build_verlet_list_hilbert: w=3.36738614493, rc=3.36738614493: completed in 0.14 s.
|  |  build_verlet_list(atoms=13500, case=0): completed in 0.14 s.
|  |  ParticleContainer.compute_interactions - computing interactions ...
|  |  1 x ParticleContainer.compute_interactions_verlet done in 8365.0s
|  |  memory used   : 4159.4296875 kB
|  |  total cputime : 8365.0 s
|  |  cputime/iter  : 8365.0 s
|  |  interactions/s: 106.313687986
|  experiment: nb=15, mem=633 kB, case=0: completed in 0.378 s.
|  
|  experiment: nb=18, mem=1.09e+03 kB, case=0 ... 
|  |      nb = 18
|  |  natoms = 23328
|  |    rmin = 1.12246204831
|  |       a = 1.58740105197
|  |  cutoff = 3.36738614493
|  |       w = 3.36738614493
|  |  nb*a/w = 8.48528137424
|  |  build_verlet_list(atoms=23328, case=0) ... 
|  |  |  ParticleContainer.build_verlet_list_hilbert: w=3.36738614493, rc=3.36738614493 ... 
|  |  |  |  ParticleContainer.build_verlet_list - spatial sort ... 
|  |  |  |  |  Spatial sort skipped on request.
|  |  |  |  ParticleContainer.build_verlet_list - spatial sort: completed in 0.00262 s.
|  |  |  |  ParticleContainer.build_verlet_list - building hilbert list ... completed in 0.00806 s.
|  |  |  |  ParticleContainer.build_verlet_list - building verlet list ... 
|  |  |  |  |  (executing C++ version)
|  |  |  |  ParticleContainer.build_verlet_list - building verlet list: completed in 0.239 s.
|  |  |  ParticleContainer.build_verlet_list_hilbert: w=3.36738614493, rc=3.36738614493: completed in 0.249 s.
|  |  build_verlet_list(atoms=23328, case=0): completed in 0.249 s.
|  |  ParticleContainer.compute_interactions - computing interactions ...
|  |  1 x ParticleContainer.compute_interactions_verlet done in 14886.0s
|  |  memory used   : 7434.1796875 kB
|  |  total cputime : 14886.0 s
|  |  cputime/iter  : 14886.0 s
|  |  interactions/s: 107.47588338
|  experiment: nb=18, mem=1.09e+03 kB, case=0: completed in 0.658 s.
|  
|  experiment: nb=22, mem=2e+03 kB, case=0 ... 
|  |      nb = 22
|  |  natoms = 42592
|  |    rmin = 1.12246204831
|  |       a = 1.58740105197
|  |  cutoff = 3.36738614493
|  |       w = 3.36738614493
|  |  nb*a/w = 10.3708994574
|  |  build_verlet_list(atoms=42592, case=0) ... 
|  |  |  ParticleContainer.build_verlet_list_hilbert: w=3.36738614493, rc=3.36738614493 ... 
|  |  |  |  ParticleContainer.build_verlet_list - spatial sort ... 
|  |  |  |  |  Spatial sort skipped on request.
|  |  |  |  ParticleContainer.build_verlet_list - spatial sort: completed in 0.00457 s.
|  |  |  |  ParticleContainer.build_verlet_list - building hilbert list ... completed in 0.0126 s.
|  |  |  |  ParticleContainer.build_verlet_list - building verlet list ... 
|  |  |  |  |  (executing C++ version)
|  |  |  |  ParticleContainer.build_verlet_list - building verlet list: completed in 0.42 s.
|  |  |  ParticleContainer.build_verlet_list_hilbert: w=3.36738614493, rc=3.36738614493: completed in 0.438 s.
|  |  build_verlet_list(atoms=42592, case=0): completed in 0.438 s.
|  |  ParticleContainer.compute_interactions - computing interactions ...
|  |  1 x ParticleContainer.compute_interactions_verlet done in 27689.0s
|  |  memory used   : 13892.234375 kB
|  |  total cputime : 27689.0 s
|  |  cputime/iter  : 27689.0 s
|  |  interactions/s: 108.444364188
|  experiment: nb=22, mem=2e+03 kB, case=0: completed in 1.18 s.
|  
|  experiment: nb=27, mem=3.69e+03 kB, case=0 ... 
|  |      nb = 27
|  |  natoms = 78732
|  |    rmin = 1.12246204831
|  |       a = 1.58740105197
|  |  cutoff = 3.36738614493
|  |       w = 3.36738614493
|  |  nb*a/w = 12.7279220614
|  |  build_verlet_list(atoms=78732, case=0) ... 
|  |  |  ParticleContainer.build_verlet_list_hilbert: w=3.36738614493, rc=3.36738614493 ... 
|  |  |  |  ParticleContainer.build_verlet_list - spatial sort ... 
|  |  |  |  |  Spatial sort skipped on request.
|  |  |  |  ParticleContainer.build_verlet_list - spatial sort: completed in 0.00845 s.
|  |  |  |  ParticleContainer.build_verlet_list - building hilbert list ... completed in 0.0211 s.
|  |  |  |  ParticleContainer.build_verlet_list - building verlet list ... 
|  |  |  |  |  (executing C++ version)
|  |  |  |  ParticleContainer.build_verlet_list - building verlet list: completed in 0.776 s.
|  |  |  ParticleContainer.build_verlet_list_hilbert: w=3.36738614493, rc=3.36738614493: completed in 0.806 s.
|  |  build_verlet_list(atoms=78732, case=0): completed in 0.806 s.
|  |  ParticleContainer.compute_interactions - computing interactions ...
|  |  1 x ParticleContainer.compute_interactions_verlet done in 51549.0s
|  |  memory used   : 25638.0546875 kB
|  |  total cputime : 51549.0 s
|  |  cputime/iter  : 51549.0 s
|  |  interactions/s: 107.46718656
|  experiment: nb=27, mem=3.69e+03 kB, case=0: completed in 2.18 s.
|  
|  experiment: nb=34, mem=7.37e+03 kB, case=0 ... 
|  |      nb = 34
|  |  natoms = 157216
|  |    rmin = 1.12246204831
|  |       a = 1.58740105197
|  |  cutoff = 3.36738614493
|  |       w = 3.36738614493
|  |  nb*a/w = 16.0277537069
|  |  build_verlet_list(atoms=157216, case=0) ... 
|  |  |  ParticleContainer.build_verlet_list_hilbert: w=3.36738614493, rc=3.36738614493 ... 
|  |  |  |  ParticleContainer.build_verlet_list - spatial sort ... 
|  |  |  |  |  Spatial sort skipped on request.
|  |  |  |  ParticleContainer.build_verlet_list - spatial sort: completed in 0.0168 s.
|  |  |  |  ParticleContainer.build_verlet_list - building hilbert list ... completed in 0.0393 s.
|  |  |  |  ParticleContainer.build_verlet_list - building verlet list ... 
|  |  |  |  |  (executing C++ version)
|  |  |  |  ParticleContainer.build_verlet_list - building verlet list: completed in 1.58 s.
|  |  |  ParticleContainer.build_verlet_list_hilbert: w=3.36738614493, rc=3.36738614493: completed in 1.64 s.
|  |  build_verlet_list(atoms=157216, case=0): completed in 1.64 s.
|  |  ParticleContainer.compute_interactions - computing interactions ...
|  |  1 x ParticleContainer.compute_interactions_verlet done in 106196.0s
|  |  memory used   : 52707.203125 kB
|  |  total cputime : 106196.0 s
|  |  cputime/iter  : 106196.0 s
|  |  interactions/s: 107.812309315
|  experiment: nb=34, mem=7.37e+03 kB, case=0: completed in 4.39 s.
|  
|  experiment: nb=42, mem=1.39e+04 kB, case=0 ... 
|  |      nb = 42
|  |  natoms = 296352
|  |    rmin = 1.12246204831
|  |       a = 1.58740105197
|  |  cutoff = 3.36738614493
|  |       w = 3.36738614493
|  |  nb*a/w = 19.7989898732
|  |  build_verlet_list(atoms=296352, case=0) ... 
|  |  |  ParticleContainer.build_verlet_list_hilbert: w=3.36738614493, rc=3.36738614493 ... 
|  |  |  |  ParticleContainer.build_verlet_list - spatial sort ... 
|  |  |  |  |  Spatial sort skipped on request.
|  |  |  |  ParticleContainer.build_verlet_list - spatial sort: completed in 0.0318 s.
|  |  |  |  ParticleContainer.build_verlet_list - building hilbert list ... completed in 0.0908 s.
|  |  |  |  ParticleContainer.build_verlet_list - building verlet list ... 
|  |  |  |  |  (executing C++ version)
|  |  |  |  ParticleContainer.build_verlet_list - building verlet list: completed in 3.02 s.
|  |  |  ParticleContainer.build_verlet_list_hilbert: w=3.36738614493, rc=3.36738614493: completed in 3.14 s.
|  |  build_verlet_list(atoms=296352, case=0): completed in 3.14 s.
|  |  ParticleContainer.compute_interactions - computing interactions ...
|  |  1 x ParticleContainer.compute_interactions_verlet done in 205483.0s
|  |  memory used   : 99715.1484375 kB
|  |  total cputime : 205483.0 s
|  |  cputime/iter  : 205483.0 s
|  |  interactions/s: 105.480755099
|  experiment: nb=42, mem=1.39e+04 kB, case=0: completed in 8.33 s.
|  
|  experiment: nb=52, mem=2.64e+04 kB, case=0 ... 
|  |      nb = 52
|  |  natoms = 562432
|  |    rmin = 1.12246204831
|  |       a = 1.58740105197
|  |  cutoff = 3.36738614493
|  |       w = 3.36738614493
|  |  nb*a/w = 24.5130350811
|  |  build_verlet_list(atoms=562432, case=0) ... 
|  |  |  ParticleContainer.build_verlet_list_hilbert: w=3.36738614493, rc=3.36738614493 ... 
|  |  |  |  ParticleContainer.build_verlet_list - spatial sort ... 
|  |  |  |  |  Spatial sort skipped on request.
|  |  |  |  ParticleContainer.build_verlet_list - spatial sort: completed in 0.0648 s.
|  |  |  |  ParticleContainer.build_verlet_list - building hilbert list ... completed in 0.153 s.
|  |  |  |  ParticleContainer.build_verlet_list - building verlet list ... 
|  |  |  |  |  (executing C++ version)
|  |  |  |  ParticleContainer.build_verlet_list - building verlet list: completed in 5.74 s.
|  |  |  ParticleContainer.build_verlet_list_hilbert: w=3.36738614493, rc=3.36738614493: completed in 5.96 s.
|  |  build_verlet_list(atoms=562432, case=0): completed in 5.96 s.
|  |  ParticleContainer.compute_interactions - computing interactions ...
|  |  1 x ParticleContainer.compute_interactions_verlet done in 387873.0s
|  |  memory used   : 192309.507812 kB
|  |  total cputime : 387873.0 s
|  |  cputime/iter  : 387873.0 s
|  |  interactions/s: 108.075627847
|  experiment: nb=52, mem=2.64e+04 kB, case=0: completed in 15.8 s.
|  
|  experiment: nb=65, mem=5.15e+04 kB, case=0 ... 
|  |      nb = 65
|  |  natoms = 1098500
|  |    rmin = 1.12246204831
|  |       a = 1.58740105197
|  |  cutoff = 3.36738614493
|  |       w = 3.36738614493
|  |  nb*a/w = 30.6412938514
|  |  build_verlet_list(atoms=1098500, case=0) ... 
|  |  |  ParticleContainer.build_verlet_list_hilbert: w=3.36738614493, rc=3.36738614493 ... 
|  |  |  |  ParticleContainer.build_verlet_list - spatial sort ... 
|  |  |  |  |  Spatial sort skipped on request.
|  |  |  |  ParticleContainer.build_verlet_list - spatial sort: completed in 0.128 s.
|  |  |  |  ParticleContainer.build_verlet_list - building hilbert list ... completed in 0.278 s.
|  |  |  |  ParticleContainer.build_verlet_list - building verlet list ... 
|  |  |  |  |  (executing C++ version)
|  |  |  |  ParticleContainer.build_verlet_list - building verlet list: completed in 11.1 s.
|  |  |  ParticleContainer.build_verlet_list_hilbert: w=3.36738614493, rc=3.36738614493: completed in 11.6 s.
|  |  build_verlet_list(atoms=1098500, case=0): completed in 11.6 s.
|  |  ParticleContainer.compute_interactions - computing interactions ...
|  |  1 x ParticleContainer.compute_interactions_verlet done in 791399.0s
|  |  memory used   : 380205.109375 kB
|  |  total cputime : 791399.0 s
|  |  cputime/iter  : 791399.0 s
|  |  interactions/s: 104.943281455
|  experiment: nb=65, mem=5.15e+04 kB, case=0: completed in 30.8 s.
|  
|  experiment: nb=81, mem=9.96e+04 kB, case=0 ... 
|  |      nb = 81
|  |  natoms = 2125764
|  |    rmin = 1.12246204831
|  |       a = 1.58740105197
|  |  cutoff = 3.36738614493
|  |       w = 3.36738614493
|  |  nb*a/w = 38.1837661841
|  |  build_verlet_list(atoms=2125764, case=0) ... 
|  |  |  ParticleContainer.build_verlet_list_hilbert: w=3.36738614493, rc=3.36738614493 ... 
|  |  |  |  ParticleContainer.build_verlet_list - spatial sort ... 
|  |  |  |  |  Spatial sort skipped on request.
|  |  |  |  ParticleContainer.build_verlet_list - spatial sort: completed in 0.254 s.
|  |  |  |  ParticleContainer.build_verlet_list - building hilbert list ... completed in 0.663 s.
|  |  |  |  ParticleContainer.build_verlet_list - building verlet list ... 
|  |  |  |  |  (executing C++ version)
|  |  |  |  ParticleContainer.build_verlet_list - building verlet list: completed in 22 s.
|  |  |  ParticleContainer.build_verlet_list_hilbert: w=3.36738614493, rc=3.36738614493: completed in 22.9 s.
|  |  build_verlet_list(atoms=2125764, case=0): completed in 22.9 s.
|  |  ParticleContainer.compute_interactions - computing interactions ...
|  |  1 x ParticleContainer.compute_interactions_verlet done in 1545173.0s
|  |  memory used   : 740121.328125 kB
|  |  total cputime : 1545173.0 s
|  |  cputime/iter  : 1545173.0 s
|  |  interactions/s: 104.736575128
|  experiment: nb=81, mem=9.96e+04 kB, case=0: completed in 60 s.
|  
|  experiment: nb=102, mem=1.99e+05 kB, case=0 ... 
|  |      nb = 102
|  |  natoms = 4244832
|  |    rmin = 1.12246204831
|  |       a = 1.58740105197
|  |  cutoff = 3.36738614493
|  |       w = 3.36738614493
|  |  nb*a/w = 48.0832611207
|  |  build_verlet_list(atoms=4244832, case=0) ... 
|  |  |  ParticleContainer.build_verlet_list_hilbert: w=3.36738614493, rc=3.36738614493 ... 
|  |  |  |  ParticleContainer.build_verlet_list - spatial sort ... 
|  |  |  |  |  Spatial sort skipped on request.
|  |  |  |  ParticleContainer.build_verlet_list - spatial sort: completed in 0.519 s.
|  |  |  |  ParticleContainer.build_verlet_list - building hilbert list ... completed in 1.16 s.
|  |  |  |  ParticleContainer.build_verlet_list - building verlet list ... 
|  |  |  |  |  (executing C++ version)
|  |  |  |  ParticleContainer.build_verlet_list - building verlet list: completed in 43.6 s.
|  |  |  ParticleContainer.build_verlet_list_hilbert: w=3.36738614493, rc=3.36738614493: completed in 45.3 s.
|  |  build_verlet_list(atoms=4244832, case=0): completed in 45.3 s.
|  |  ParticleContainer.compute_interactions - computing interactions ...
|  |  1 x ParticleContainer.compute_interactions_verlet done in 3145601.0s
|  |  memory used   : 1490122.13281 kB
|  |  total cputime : 3145601.0 s
|  |  cputime/iter  : 3145601.0 s
|  |  interactions/s: 103.728492584
|  experiment: nb=102, mem=1.99e+05 kB, case=0: completed in 119 s.
|  
|  experiment: nb=128, mem=3.93e+05 kB, case=0 ... 
|  |      nb = 128
|  |  natoms = 8388608
|  |    rmin = 1.12246204831
|  |       a = 1.58740105197
|  |  cutoff = 3.36738614493
|  |       w = 3.36738614493
|  |  nb*a/w = 60.3397786613
|  |  build_verlet_list(atoms=8388608, case=0) ... 
|  |  |  ParticleContainer.build_verlet_list_hilbert: w=3.36738614493, rc=3.36738614493 ... 
|  |  |  |  ParticleContainer.build_verlet_list - spatial sort ... 
|  |  |  |  |  Spatial sort skipped on request.
|  |  |  |  ParticleContainer.build_verlet_list - spatial sort: completed in 1.04 s.
|  |  |  |  ParticleContainer.build_verlet_list - building hilbert list ... completed in 2.13 s.
|  |  |  |  ParticleContainer.build_verlet_list - building verlet list ... 
|  |  |  |  |  (executing C++ version)
|  |  |  |  ParticleContainer.build_verlet_list - building verlet list: completed in 90 s.
|  |  |  ParticleContainer.build_verlet_list_hilbert: w=3.36738614493, rc=3.36738614493: completed in 93.1 s.
|  |  build_verlet_list(atoms=8388608, case=0): completed in 93.1 s.
|  |  ParticleContainer.compute_interactions - computing interactions ...
|  |  1 x ParticleContainer.compute_interactions_verlet done in 10217645.0s
|  |  memory used   : 2962871.53906 kB
|  |  total cputime : 10217645.0 s
|  |  cputime/iter  : 10217645.0 s
|  |  interactions/s: 63.5609487313
|  experiment: nb=128, mem=3.93e+05 kB, case=0: completed in 244 s.
|  
|  experiment: nb=3, mem=5.06 kB, case=1 ... 
|  |      nb = 3
|  |  natoms = 108
|  |    rmin = 1.12246204831
|  |       a = 1.58740105197
|  |  cutoff = 3.36738614493
|  |       w = 3.36738614493
|  |  nb*a/w = 1.41421356237
|  |  build_verlet_list(atoms=108, case=1) ... 
|  |  |  ParticleContainer.build_verlet_list_hilbert: w=3.36738614493, rc=3.36738614493 ... 
|  |  |  |  ParticleContainer.build_verlet_list - spatial sort ... 
|  |  |  |  |  Spatial sort skipped on request.
|  |  |  |  ParticleContainer.build_verlet_list - spatial sort: completed in 6.48e-05 s.
|  |  |  |  ParticleContainer.build_verlet_list - building hilbert list ... completed in 4.01e-05 s.
|  |  |  |  ParticleContainer.build_verlet_list - building verlet list ... 
|  |  |  |  |  (executing C++ version)
|  |  |  |  ParticleContainer.build_verlet_list - building verlet list: completed in 0.000998 s.
|  |  |  ParticleContainer.build_verlet_list_hilbert: w=3.36738614493, rc=3.36738614493: completed in 0.00118 s.
|  |  build_verlet_list(atoms=108, case=1): completed in 0.00134 s.
|  |  ParticleContainer.compute_interactions - computing interactions ...
|  |  1 x ParticleContainer.compute_interactions_verlet done in 54.0s
|  |  memory used   : 17.46875 kB
|  |  total cputime : 54.0 s
|  |  cputime/iter  : 54.0 s
|  |  interactions/s: 56.8148148148
|  experiment: nb=3, mem=5.06 kB, case=1: completed in 0.0215 s.
|  
|  experiment: nb=4, mem=12 kB, case=1 ... 
|  |      nb = 4
|  |  natoms = 256
|  |    rmin = 1.12246204831
|  |       a = 1.58740105197
|  |  cutoff = 3.36738614493
|  |       w = 3.36738614493
|  |  nb*a/w = 1.88561808316
|  |  build_verlet_list(atoms=256, case=1) ... 
|  |  |  ParticleContainer.build_verlet_list_hilbert: w=3.36738614493, rc=3.36738614493 ... 
|  |  |  |  ParticleContainer.build_verlet_list - spatial sort ... 
|  |  |  |  |  Spatial sort skipped on request.
|  |  |  |  ParticleContainer.build_verlet_list - spatial sort: completed in 6.89e-05 s.
|  |  |  |  ParticleContainer.build_verlet_list - building hilbert list ... completed in 7.3e-05 s.
|  |  |  |  ParticleContainer.build_verlet_list - building verlet list ... 
|  |  |  |  |  (executing C++ version)
|  |  |  |  ParticleContainer.build_verlet_list - building verlet list: completed in 0.00224 s.
|  |  |  ParticleContainer.build_verlet_list_hilbert: w=3.36738614493, rc=3.36738614493: completed in 0.00245 s.
|  |  build_verlet_list(atoms=256, case=1): completed in 0.00254 s.
|  |  ParticleContainer.compute_interactions - computing interactions ...
|  |  1 x ParticleContainer.compute_interactions_verlet done in 84.0s
|  |  memory used   : 50.125 kB
|  |  total cputime : 84.0 s
|  |  cputime/iter  : 84.0 s
|  |  interactions/s: 113.142857143
|  experiment: nb=4, mem=12 kB, case=1: completed in 0.00741 s.
|  
|  experiment: nb=5, mem=23.4 kB, case=1 ... 
|  |      nb = 5
|  |  natoms = 500
|  |    rmin = 1.12246204831
|  |       a = 1.58740105197
|  |  cutoff = 3.36738614493
|  |       w = 3.36738614493
|  |  nb*a/w = 2.35702260396
|  |  build_verlet_list(atoms=500, case=1) ... 
|  |  |  ParticleContainer.build_verlet_list_hilbert: w=3.36738614493, rc=3.36738614493 ... 
|  |  |  |  ParticleContainer.build_verlet_list - spatial sort ... 
|  |  |  |  |  Spatial sort skipped on request.
|  |  |  |  ParticleContainer.build_verlet_list - spatial sort: completed in 8.39e-05 s.
|  |  |  |  ParticleContainer.build_verlet_list - building hilbert list ... completed in 0.000195 s.
|  |  |  |  ParticleContainer.build_verlet_list - building verlet list ... 
|  |  |  |  |  (executing C++ version)
|  |  |  |  ParticleContainer.build_verlet_list - building verlet list: completed in 0.00448 s.
|  |  |  ParticleContainer.build_verlet_list_hilbert: w=3.36738614493, rc=3.36738614493: completed in 0.00483 s.
|  |  build_verlet_list(atoms=500, case=1): completed in 0.00493 s.
|  |  ParticleContainer.compute_interactions - computing interactions ...
|  |  1 x ParticleContainer.compute_interactions_verlet done in 223.0s
|  |  memory used   : 113.3203125 kB
|  |  total cputime : 223.0 s
|  |  cputime/iter  : 223.0 s
|  |  interactions/s: 100.941704036
|  experiment: nb=5, mem=23.4 kB, case=1: completed in 0.0139 s.
|  
|  experiment: nb=6, mem=40.5 kB, case=1 ... 
|  |      nb = 6
|  |  natoms = 864
|  |    rmin = 1.12246204831
|  |       a = 1.58740105197
|  |  cutoff = 3.36738614493
|  |       w = 3.36738614493
|  |  nb*a/w = 2.82842712475
|  |  build_verlet_list(atoms=864, case=1) ... 
|  |  |  ParticleContainer.build_verlet_list_hilbert: w=3.36738614493, rc=3.36738614493 ... 
|  |  |  |  ParticleContainer.build_verlet_list - spatial sort ... 
|  |  |  |  |  Spatial sort skipped on request.
|  |  |  |  ParticleContainer.build_verlet_list - spatial sort: completed in 0.000139 s.
|  |  |  |  ParticleContainer.build_verlet_list - building hilbert list ... completed in 0.000287 s.
|  |  |  |  ParticleContainer.build_verlet_list - building verlet list ... 
|  |  |  |  |  (executing C++ version)
|  |  |  |  ParticleContainer.build_verlet_list - building verlet list: completed in 0.00774 s.
|  |  |  ParticleContainer.build_verlet_list_hilbert: w=3.36738614493, rc=3.36738614493: completed in 0.00826 s.
|  |  build_verlet_list(atoms=864, case=1): completed in 0.0084 s.
|  |  ParticleContainer.compute_interactions - computing interactions ...
|  |  1 x ParticleContainer.compute_interactions_verlet done in 429.0s
|  |  memory used   : 211.875 kB
|  |  total cputime : 429.0 s
|  |  cputime/iter  : 429.0 s
|  |  interactions/s: 100.251748252
|  experiment: nb=6, mem=40.5 kB, case=1: completed in 0.0236 s.
|  
|  experiment: nb=7, mem=64.3 kB, case=1 ... 
|  |      nb = 7
|  |  natoms = 1372
|  |    rmin = 1.12246204831
|  |       a = 1.58740105197
|  |  cutoff = 3.36738614493
|  |       w = 3.36738614493
|  |  nb*a/w = 3.29983164554
|  |  build_verlet_list(atoms=1372, case=1) ... 
|  |  |  ParticleContainer.build_verlet_list_hilbert: w=3.36738614493, rc=3.36738614493 ... 
|  |  |  |  ParticleContainer.build_verlet_list - spatial sort ... 
|  |  |  |  |  Spatial sort skipped on request.
|  |  |  |  ParticleContainer.build_verlet_list - spatial sort: completed in 0.000197 s.
|  |  |  |  ParticleContainer.build_verlet_list - building hilbert list ... completed in 0.000351 s.
|  |  |  |  ParticleContainer.build_verlet_list - building verlet list ... 
|  |  |  |  |  (executing C++ version)
|  |  |  |  ParticleContainer.build_verlet_list - building verlet list: completed in 0.0125 s.
|  |  |  ParticleContainer.build_verlet_list_hilbert: w=3.36738614493, rc=3.36738614493: completed in 0.0131 s.
|  |  build_verlet_list(atoms=1372, case=1): completed in 0.0133 s.
|  |  ParticleContainer.compute_interactions - computing interactions ...
|  |  1 x ParticleContainer.compute_interactions_verlet done in 750.0s
|  |  memory used   : 358.9375 kB
|  |  total cputime : 750.0 s
|  |  cputime/iter  : 750.0 s
|  |  interactions/s: 98.736
|  experiment: nb=7, mem=64.3 kB, case=1: completed in 0.0371 s.
|  
|  experiment: nb=8, mem=96 kB, case=1 ... 
|  |      nb = 8
|  |  natoms = 2048
|  |    rmin = 1.12246204831
|  |       a = 1.58740105197
|  |  cutoff = 3.36738614493
|  |       w = 3.36738614493
|  |  nb*a/w = 3.77123616633
|  |  build_verlet_list(atoms=2048, case=1) ... 
|  |  |  ParticleContainer.build_verlet_list_hilbert: w=3.36738614493, rc=3.36738614493 ... 
|  |  |  |  ParticleContainer.build_verlet_list - spatial sort ... 
|  |  |  |  |  Spatial sort skipped on request.
|  |  |  |  ParticleContainer.build_verlet_list - spatial sort: completed in 0.00029 s.
|  |  |  |  ParticleContainer.build_verlet_list - building hilbert list ... completed in 0.000539 s.
|  |  |  |  ParticleContainer.build_verlet_list - building verlet list ... 
|  |  |  |  |  (executing C++ version)
|  |  |  |  ParticleContainer.build_verlet_list - building verlet list: completed in 0.0191 s.
|  |  |  ParticleContainer.build_verlet_list_hilbert: w=3.36738614493, rc=3.36738614493: completed in 0.02 s.
|  |  build_verlet_list(atoms=2048, case=1): completed in 0.0203 s.
|  |  ParticleContainer.compute_interactions - computing interactions ...
|  |  1 x ParticleContainer.compute_interactions_verlet done in 1206.0s
|  |  memory used   : 566.2578125 kB
|  |  total cputime : 1206.0 s
|  |  cputime/iter  : 1206.0 s
|  |  interactions/s: 98.1243781095
|  experiment: nb=8, mem=96 kB, case=1: completed in 0.0556 s.
|  
|  experiment: nb=10, mem=188 kB, case=1 ... 
|  |      nb = 10
|  |  natoms = 4000
|  |    rmin = 1.12246204831
|  |       a = 1.58740105197
|  |  cutoff = 3.36738614493
|  |       w = 3.36738614493
|  |  nb*a/w = 4.71404520791
|  |  build_verlet_list(atoms=4000, case=1) ... 
|  |  |  ParticleContainer.build_verlet_list_hilbert: w=3.36738614493, rc=3.36738614493 ... 
|  |  |  |  ParticleContainer.build_verlet_list - spatial sort ... 
|  |  |  |  |  Spatial sort skipped on request.
|  |  |  |  ParticleContainer.build_verlet_list - spatial sort: completed in 0.000569 s.
|  |  |  |  ParticleContainer.build_verlet_list - building hilbert list ... completed in 0.00128 s.
|  |  |  |  ParticleContainer.build_verlet_list - building verlet list ... 
|  |  |  |  |  (executing C++ version)
|  |  |  |  ParticleContainer.build_verlet_list - building verlet list: completed in 0.0385 s.
|  |  |  ParticleContainer.build_verlet_list_hilbert: w=3.36738614493, rc=3.36738614493: completed in 0.0404 s.
|  |  build_verlet_list(atoms=4000, case=1): completed in 0.041 s.
|  |  ParticleContainer.compute_interactions - computing interactions ...
|  |  1 x ParticleContainer.compute_interactions_verlet done in 2656.0s
|  |  memory used   : 1160.7734375 kB
|  |  total cputime : 2656.0 s
|  |  cputime/iter  : 2656.0 s
|  |  interactions/s: 92.3034638554
|  experiment: nb=10, mem=188 kB, case=1: completed in 0.11 s.
|  
|  experiment: nb=12, mem=324 kB, case=1 ... 
|  |      nb = 12
|  |  natoms = 6912
|  |    rmin = 1.12246204831
|  |       a = 1.58740105197
|  |  cutoff = 3.36738614493
|  |       w = 3.36738614493
|  |  nb*a/w = 5.65685424949
|  |  build_verlet_list(atoms=6912, case=1) ... 
|  |  |  ParticleContainer.build_verlet_list_hilbert: w=3.36738614493, rc=3.36738614493 ... 
|  |  |  |  ParticleContainer.build_verlet_list - spatial sort ... 
|  |  |  |  |  Spatial sort skipped on request.
|  |  |  |  ParticleContainer.build_verlet_list - spatial sort: completed in 0.00096 s.
|  |  |  |  ParticleContainer.build_verlet_list - building hilbert list ... completed in 0.00199 s.
|  |  |  |  ParticleContainer.build_verlet_list - building verlet list ... 
|  |  |  |  |  (executing C++ version)
|  |  |  |  ParticleContainer.build_verlet_list - building verlet list: completed in 0.0675 s.
|  |  |  ParticleContainer.build_verlet_list_hilbert: w=3.36738614493, rc=3.36738614493: completed in 0.0706 s.
|  |  build_verlet_list(atoms=6912, case=1): completed in 0.0715 s.
|  |  ParticleContainer.compute_interactions - computing interactions ...
|  |  1 x ParticleContainer.compute_interactions_verlet done in 5355.0s
|  |  memory used   : 2100.09375 kB
|  |  total cputime : 5355.0 s
|  |  cputime/iter  : 5355.0 s
|  |  interactions/s: 83.6168067227
|  experiment: nb=12, mem=324 kB, case=1: completed in 0.191 s.
|  
|  experiment: nb=15, mem=633 kB, case=1 ... 
|  |      nb = 15
|  |  natoms = 13500
|  |    rmin = 1.12246204831
|  |       a = 1.58740105197
|  |  cutoff = 3.36738614493
|  |       w = 3.36738614493
|  |  nb*a/w = 7.07106781187
|  |  build_verlet_list(atoms=13500, case=1) ... 
|  |  |  ParticleContainer.build_verlet_list_hilbert: w=3.36738614493, rc=3.36738614493 ... 
|  |  |  |  ParticleContainer.build_verlet_list - spatial sort ... 
|  |  |  |  |  Spatial sort skipped on request.
|  |  |  |  ParticleContainer.build_verlet_list - spatial sort: completed in 0.00192 s.
|  |  |  |  ParticleContainer.build_verlet_list - building hilbert list ... completed in 0.00354 s.
|  |  |  |  ParticleContainer.build_verlet_list - building verlet list ... 
|  |  |  |  |  (executing C++ version)
|  |  |  |  ParticleContainer.build_verlet_list - building verlet list: completed in 0.132 s.
|  |  |  ParticleContainer.build_verlet_list_hilbert: w=3.36738614493, rc=3.36738614493: completed in 0.138 s.
|  |  build_verlet_list(atoms=13500, case=1): completed in 0.14 s.
|  |  ParticleContainer.compute_interactions - computing interactions ...
|  |  1 x ParticleContainer.compute_interactions_verlet done in 12443.0s
|  |  memory used   : 4159.4296875 kB
|  |  total cputime : 12443.0 s
|  |  cputime/iter  : 12443.0 s
|  |  interactions/s: 71.4710278872
|  experiment: nb=15, mem=633 kB, case=1: completed in 0.376 s.
|  
|  experiment: nb=18, mem=1.09e+03 kB, case=1 ... 
|  |      nb = 18
|  |  natoms = 23328
|  |    rmin = 1.12246204831
|  |       a = 1.58740105197
|  |  cutoff = 3.36738614493
|  |       w = 3.36738614493
|  |  nb*a/w = 8.48528137424
|  |  build_verlet_list(atoms=23328, case=1) ... 
|  |  |  ParticleContainer.build_verlet_list_hilbert: w=3.36738614493, rc=3.36738614493 ... 
|  |  |  |  ParticleContainer.build_verlet_list - spatial sort ... 
|  |  |  |  |  Spatial sort skipped on request.
|  |  |  |  ParticleContainer.build_verlet_list - spatial sort: completed in 0.0034 s.
|  |  |  |  ParticleContainer.build_verlet_list - building hilbert list ... completed in 0.00809 s.
|  |  |  |  ParticleContainer.build_verlet_list - building verlet list ... 
|  |  |  |  |  (executing C++ version)
|  |  |  |  ParticleContainer.build_verlet_list - building verlet list: completed in 0.234 s.
|  |  |  ParticleContainer.build_verlet_list_hilbert: w=3.36738614493, rc=3.36738614493: completed in 0.246 s.
|  |  build_verlet_list(atoms=23328, case=1): completed in 0.249 s.
|  |  ParticleContainer.compute_interactions - computing interactions ...
|  |  1 x ParticleContainer.compute_interactions_verlet done in 23702.0s
|  |  memory used   : 7434.1796875 kB
|  |  total cputime : 23702.0 s
|  |  cputime/iter  : 23702.0 s
|  |  interactions/s: 67.5000421905
|  experiment: nb=18, mem=1.09e+03 kB, case=1: completed in 0.657 s.
|  
|  experiment: nb=22, mem=2e+03 kB, case=1 ... 
|  |      nb = 22
|  |  natoms = 42592
|  |    rmin = 1.12246204831
|  |       a = 1.58740105197
|  |  cutoff = 3.36738614493
|  |       w = 3.36738614493
|  |  nb*a/w = 10.3708994574
|  |  build_verlet_list(atoms=42592, case=1) ... 
|  |  |  ParticleContainer.build_verlet_list_hilbert: w=3.36738614493, rc=3.36738614493 ... 
|  |  |  |  ParticleContainer.build_verlet_list - spatial sort ... 
|  |  |  |  |  Spatial sort skipped on request.
|  |  |  |  ParticleContainer.build_verlet_list - spatial sort: completed in 0.00646 s.
|  |  |  |  ParticleContainer.build_verlet_list - building hilbert list ... completed in 0.0126 s.
|  |  |  |  ParticleContainer.build_verlet_list - building verlet list ... 
|  |  |  |  |  (executing C++ version)
|  |  |  |  ParticleContainer.build_verlet_list - building verlet list: completed in 0.429 s.
|  |  |  ParticleContainer.build_verlet_list_hilbert: w=3.36738614493, rc=3.36738614493: completed in 0.448 s.
|  |  build_verlet_list(atoms=42592, case=1): completed in 0.454 s.
|  |  ParticleContainer.compute_interactions - computing interactions ...
|  |  1 x ParticleContainer.compute_interactions_verlet done in 46777.0s
|  |  memory used   : 13892.234375 kB
|  |  total cputime : 46777.0 s
|  |  cputime/iter  : 46777.0 s
|  |  interactions/s: 64.1921457126
|  experiment: nb=22, mem=2e+03 kB, case=1: completed in 1.2 s.
|  
|  experiment: nb=27, mem=3.69e+03 kB, case=1 ... 
|  |      nb = 27
|  |  natoms = 78732
|  |    rmin = 1.12246204831
|  |       a = 1.58740105197
|  |  cutoff = 3.36738614493
|  |       w = 3.36738614493
|  |  nb*a/w = 12.7279220614
|  |  build_verlet_list(atoms=78732, case=1) ... 
|  |  |  ParticleContainer.build_verlet_list_hilbert: w=3.36738614493, rc=3.36738614493 ... 
|  |  |  |  ParticleContainer.build_verlet_list - spatial sort ... 
|  |  |  |  |  Spatial sort skipped on request.
|  |  |  |  ParticleContainer.build_verlet_list - spatial sort: completed in 0.0124 s.
|  |  |  |  ParticleContainer.build_verlet_list - building hilbert list ... completed in 0.0211 s.
|  |  |  |  ParticleContainer.build_verlet_list - building verlet list ... 
|  |  |  |  |  (executing C++ version)
|  |  |  |  ParticleContainer.build_verlet_list - building verlet list: completed in 0.79 s.
|  |  |  ParticleContainer.build_verlet_list_hilbert: w=3.36738614493, rc=3.36738614493: completed in 0.823 s.
|  |  build_verlet_list(atoms=78732, case=1): completed in 0.834 s.
|  |  ParticleContainer.compute_interactions - computing interactions ...
|  |  1 x ParticleContainer.compute_interactions_verlet done in 89812.0s
|  |  memory used   : 25638.0546875 kB
|  |  total cputime : 89812.0 s
|  |  cputime/iter  : 89812.0 s
|  |  interactions/s: 61.6824700485
|  experiment: nb=27, mem=3.69e+03 kB, case=1: completed in 2.23 s.
|  
|  experiment: nb=34, mem=7.37e+03 kB, case=1 ... 
|  |      nb = 34
|  |  natoms = 157216
|  |    rmin = 1.12246204831
|  |       a = 1.58740105197
|  |  cutoff = 3.36738614493
|  |       w = 3.36738614493
|  |  nb*a/w = 16.0277537069
|  |  build_verlet_list(atoms=157216, case=1) ... 
|  |  |  ParticleContainer.build_verlet_list_hilbert: w=3.36738614493, rc=3.36738614493 ... 
|  |  |  |  ParticleContainer.build_verlet_list - spatial sort ... 
|  |  |  |  |  Spatial sort skipped on request.
|  |  |  |  ParticleContainer.build_verlet_list - spatial sort: completed in 0.026 s.
|  |  |  |  ParticleContainer.build_verlet_list - building hilbert list ... completed in 0.0393 s.
|  |  |  |  ParticleContainer.build_verlet_list - building verlet list ... 
|  |  |  |  |  (executing C++ version)
|  |  |  |  ParticleContainer.build_verlet_list - building verlet list: completed in 1.59 s.
|  |  |  ParticleContainer.build_verlet_list_hilbert: w=3.36738614493, rc=3.36738614493: completed in 1.66 s.
|  |  build_verlet_list(atoms=157216, case=1): completed in 1.68 s.
|  |  ParticleContainer.compute_interactions - computing interactions ...
|  |  1 x ParticleContainer.compute_interactions_verlet done in 192766.0s
|  |  memory used   : 52707.203125 kB
|  |  total cputime : 192766.0 s
|  |  cputime/iter  : 192766.0 s
|  |  interactions/s: 59.3944782794
|  experiment: nb=34, mem=7.37e+03 kB, case=1: completed in 4.49 s.
|  
|  experiment: nb=42, mem=1.39e+04 kB, case=1 ... 
|  |      nb = 42
|  |  natoms = 296352
|  |    rmin = 1.12246204831
|  |       a = 1.58740105197
|  |  cutoff = 3.36738614493
|  |       w = 3.36738614493
|  |  nb*a/w = 19.7989898732
|  |  build_verlet_list(atoms=296352, case=1) ... 
|  |  |  ParticleContainer.build_verlet_list_hilbert: w=3.36738614493, rc=3.36738614493 ... 
|  |  |  |  ParticleContainer.build_verlet_list - spatial sort ... 
|  |  |  |  |  Spatial sort skipped on request.
|  |  |  |  ParticleContainer.build_verlet_list - spatial sort: completed in 0.0507 s.
|  |  |  |  ParticleContainer.build_verlet_list - building hilbert list ... completed in 0.0898 s.
|  |  |  |  ParticleContainer.build_verlet_list - building verlet list ... 
|  |  |  |  |  (executing C++ version)
|  |  |  |  ParticleContainer.build_verlet_list - building verlet list: completed in 3.06 s.
|  |  |  ParticleContainer.build_verlet_list_hilbert: w=3.36738614493, rc=3.36738614493: completed in 3.2 s.
|  |  build_verlet_list(atoms=296352, case=1): completed in 3.24 s.
|  |  ParticleContainer.compute_interactions - computing interactions ...
|  |  1 x ParticleContainer.compute_interactions_verlet done in 362632.0s
|  |  memory used   : 99715.1484375 kB
|  |  total cputime : 362632.0 s
|  |  cputime/iter  : 362632.0 s
|  |  interactions/s: 59.7699651437
|  experiment: nb=42, mem=1.39e+04 kB, case=1: completed in 8.54 s.
|  
|  experiment: nb=52, mem=2.64e+04 kB, case=1 ... 
|  |      nb = 52
|  |  natoms = 562432
|  |    rmin = 1.12246204831
|  |       a = 1.58740105197
|  |  cutoff = 3.36738614493
|  |       w = 3.36738614493
|  |  nb*a/w = 24.5130350811
|  |  build_verlet_list(atoms=562432, case=1) ... 
|  |  |  ParticleContainer.build_verlet_list_hilbert: w=3.36738614493, rc=3.36738614493 ... 
|  |  |  |  ParticleContainer.build_verlet_list - spatial sort ... 
|  |  |  |  |  Spatial sort skipped on request.
|  |  |  |  ParticleContainer.build_verlet_list - spatial sort: completed in 0.103 s.
|  |  |  |  ParticleContainer.build_verlet_list - building hilbert list ... completed in 0.153 s.
|  |  |  |  ParticleContainer.build_verlet_list - building verlet list ... 
|  |  |  |  |  (executing C++ version)
|  |  |  |  ParticleContainer.build_verlet_list - building verlet list: completed in 5.88 s.
|  |  |  ParticleContainer.build_verlet_list_hilbert: w=3.36738614493, rc=3.36738614493: completed in 6.13 s.
|  |  build_verlet_list(atoms=562432, case=1): completed in 6.21 s.
|  |  ParticleContainer.compute_interactions - computing interactions ...
|  |  1 x ParticleContainer.compute_interactions_verlet done in 797162.0s
|  |  memory used   : 192309.507812 kB
|  |  total cputime : 797162.0 s
|  |  cputime/iter  : 797162.0 s
|  |  interactions/s: 52.586071589
|  experiment: nb=52, mem=2.64e+04 kB, case=1: completed in 16.4 s.
|  
|  experiment: nb=65, mem=5.15e+04 kB, case=1 ... 
|  |      nb = 65
|  |  natoms = 1098500
|  |    rmin = 1.12246204831
|  |       a = 1.58740105197
|  |  cutoff = 3.36738614493
|  |       w = 3.36738614493
|  |  nb*a/w = 30.6412938514
|  |  build_verlet_list(atoms=1098500, case=1) ... 
|  |  |  ParticleContainer.build_verlet_list_hilbert: w=3.36738614493, rc=3.36738614493 ... 
|  |  |  |  ParticleContainer.build_verlet_list - spatial sort ... 
|  |  |  |  |  Spatial sort skipped on request.
|  |  |  |  ParticleContainer.build_verlet_list - spatial sort: completed in 0.212 s.
|  |  |  |  ParticleContainer.build_verlet_list - building hilbert list ... completed in 0.277 s.
|  |  |  |  ParticleContainer.build_verlet_list - building verlet list ... 
|  |  |  |  |  (executing C++ version)
|  |  |  |  ParticleContainer.build_verlet_list - building verlet list: completed in 11.5 s.
|  |  |  ParticleContainer.build_verlet_list_hilbert: w=3.36738614493, rc=3.36738614493: completed in 12 s.
|  |  build_verlet_list(atoms=1098500, case=1): completed in 12.2 s.
|  |  ParticleContainer.compute_interactions - computing interactions ...
|  |  1 x ParticleContainer.compute_interactions_verlet done in 2981927.0s
|  |  memory used   : 380205.109375 kB
|  |  total cputime : 2981927.0 s
|  |  cputime/iter  : 2981927.0 s
|  |  interactions/s: 27.8517911404
|  experiment: nb=65, mem=5.15e+04 kB, case=1: completed in 33.5 s.
|  
|  experiment: nb=81, mem=9.96e+04 kB, case=1 ... 
|  |      nb = 81
|  |  natoms = 2125764
|  |    rmin = 1.12246204831
|  |       a = 1.58740105197
|  |  cutoff = 3.36738614493
|  |       w = 3.36738614493
|  |  nb*a/w = 38.1837661841
|  |  build_verlet_list(atoms=2125764, case=1) ... 
|  |  |  ParticleContainer.build_verlet_list_hilbert: w=3.36738614493, rc=3.36738614493 ... 
|  |  |  |  ParticleContainer.build_verlet_list - spatial sort ... 
|  |  |  |  |  Spatial sort skipped on request.
|  |  |  |  ParticleContainer.build_verlet_list - spatial sort: completed in 0.435 s.
|  |  |  |  ParticleContainer.build_verlet_list - building hilbert list ... completed in 0.663 s.
|  |  |  |  ParticleContainer.build_verlet_list - building verlet list ... 
|  |  |  |  |  (executing C++ version)
|  |  |  |  ParticleContainer.build_verlet_list - building verlet list: completed in 22.7 s.
|  |  |  ParticleContainer.build_verlet_list_hilbert: w=3.36738614493, rc=3.36738614493: completed in 23.8 s.
|  |  build_verlet_list(atoms=2125764, case=1): completed in 24.1 s.
|  |  ParticleContainer.compute_interactions - computing interactions ...
|  |  1 x ParticleContainer.compute_interactions_verlet done in 8252401.0s
|  |  memory used   : 740121.328125 kB
|  |  total cputime : 8252401.0 s
|  |  cputime/iter  : 8252401.0 s
|  |  interactions/s: 19.6107930286
|  experiment: nb=81, mem=9.96e+04 kB, case=1: completed in 67.9 s.
|  
|  experiment: nb=102, mem=1.99e+05 kB, case=1 ... 
|  |      nb = 102
|  |  natoms = 4244832
|  |    rmin = 1.12246204831
|  |       a = 1.58740105197
|  |  cutoff = 3.36738614493
|  |       w = 3.36738614493
|  |  nb*a/w = 48.0832611207
|  |  build_verlet_list(atoms=4244832, case=1) ... 
|  |  |  ParticleContainer.build_verlet_list_hilbert: w=3.36738614493, rc=3.36738614493 ... 
|  |  |  |  ParticleContainer.build_verlet_list - spatial sort ... 
|  |  |  |  |  Spatial sort skipped on request.
|  |  |  |  ParticleContainer.build_verlet_list - spatial sort: completed in 0.964 s.
|  |  |  |  ParticleContainer.build_verlet_list - building hilbert list ... completed in 1.17 s.
|  |  |  |  ParticleContainer.build_verlet_list - building verlet list ... 
|  |  |  |  |  (executing C++ version)
|  |  |  |  ParticleContainer.build_verlet_list - building verlet list: completed in 51.1 s.
|  |  |  ParticleContainer.build_verlet_list_hilbert: w=3.36738614493, rc=3.36738614493: completed in 53.3 s.
|  |  build_verlet_list(atoms=4244832, case=1): completed in 54 s.
|  |  ParticleContainer.compute_interactions - computing interactions ...
|  |  1 x ParticleContainer.compute_interactions_verlet done in 19498432.0s
|  |  memory used   : 1490122.13281 kB
|  |  total cputime : 19498432.0 s
|  |  cputime/iter  : 19498432.0 s
|  |  interactions/s: 16.7340866178
|  experiment: nb=102, mem=1.99e+05 kB, case=1: completed in 144 s.
|  
|  experiment: nb=128, mem=3.93e+05 kB, case=1 ... 
|  |      nb = 128
|  |  natoms = 8388608
|  |    rmin = 1.12246204831
|  |       a = 1.58740105197
|  |  cutoff = 3.36738614493
|  |       w = 3.36738614493
|  |  nb*a/w = 60.3397786613
|  |  build_verlet_list(atoms=8388608, case=1) ... 
|  |  |  ParticleContainer.build_verlet_list_hilbert: w=3.36738614493, rc=3.36738614493 ... 
|  |  |  |  ParticleContainer.build_verlet_list - spatial sort ... 
|  |  |  |  |  Spatial sort skipped on request.
|  |  |  |  ParticleContainer.build_verlet_list - spatial sort: completed in 2.08 s.
|  |  |  |  ParticleContainer.build_verlet_list - building hilbert list ... completed in 2.13 s.
|  |  |  |  ParticleContainer.build_verlet_list - building verlet list ... 
|  |  |  |  |  (executing C++ version)
|  |  |  |  ParticleContainer.build_verlet_list - building verlet list: completed in 132 s.
|  |  |  ParticleContainer.build_verlet_list_hilbert: w=3.36738614493, rc=3.36738614493: completed in 136 s.
|  |  build_verlet_list(atoms=8388608, case=1): completed in 138 s.
|  |  ParticleContainer.compute_interactions - computing interactions ...
|  |  1 x ParticleContainer.compute_interactions_verlet done in 45724172.0s
|  |  memory used   : 2962871.53906 kB
|  |  total cputime : 45724172.0 s
|  |  cputime/iter  : 45724172.0 s
|  |  interactions/s: 14.2034985346
|  experiment: nb=128, mem=3.93e+05 kB, case=1: completed in 323 s.
|  
|  experiment: nb=3, mem=5.06 kB, case=2 ... 
|  |      nb = 3
|  |  natoms = 108
|  |    rmin = 1.12246204831
|  |       a = 1.58740105197
|  |  cutoff = 3.36738614493
|  |       w = 3.36738614493
|  |  nb*a/w = 1.41421356237
|  |  build_verlet_list(atoms=108, case=2) ... 
|  |  |  ParticleContainer.build_verlet_list_hilbert: w=3.36738614493, rc=3.36738614493 ... 
|  |  |  |  ParticleContainer.build_verlet_list - spatial sort ... completed in 7.3e-05 s.
|  |  |  |  ParticleContainer.build_verlet_list - building hilbert list ... completed in 4.2e-05 s.
|  |  |  |  ParticleContainer.build_verlet_list - building verlet list ... 
|  |  |  |  |  (executing C++ version)
|  |  |  |  ParticleContainer.build_verlet_list - building verlet list: completed in 0.001 s.
|  |  |  ParticleContainer.build_verlet_list_hilbert: w=3.36738614493, rc=3.36738614493: completed in 0.0012 s.
|  |  build_verlet_list(atoms=108, case=2): completed in 0.00124 s.
|  |  ParticleContainer.compute_interactions - computing interactions ...
|  |  1 x ParticleContainer.compute_interactions_verlet done in 32.0s
|  |  memory used   : 17.46875 kB
|  |  total cputime : 32.0 s
|  |  cputime/iter  : 32.0 s
|  |  interactions/s: 95.875
|  experiment: nb=3, mem=5.06 kB, case=2: completed in 0.0213 s.
|  
|  experiment: nb=4, mem=12 kB, case=2 ... 
|  |      nb = 4
|  |  natoms = 256
|  |    rmin = 1.12246204831
|  |       a = 1.58740105197
|  |  cutoff = 3.36738614493
|  |       w = 3.36738614493
|  |  nb*a/w = 1.88561808316
|  |  build_verlet_list(atoms=256, case=2) ... 
|  |  |  ParticleContainer.build_verlet_list_hilbert: w=3.36738614493, rc=3.36738614493 ... 
|  |  |  |  ParticleContainer.build_verlet_list - spatial sort ... completed in 7.1e-05 s.
|  |  |  |  ParticleContainer.build_verlet_list - building hilbert list ... completed in 7.2e-05 s.
|  |  |  |  ParticleContainer.build_verlet_list - building verlet list ... 
|  |  |  |  |  (executing C++ version)
|  |  |  |  ParticleContainer.build_verlet_list - building verlet list: completed in 0.00224 s.
|  |  |  ParticleContainer.build_verlet_list_hilbert: w=3.36738614493, rc=3.36738614493: completed in 0.00247 s.
|  |  build_verlet_list(atoms=256, case=2): completed in 0.00251 s.
|  |  ParticleContainer.compute_interactions - computing interactions ...
|  |  1 x ParticleContainer.compute_interactions_verlet done in 112.0s
|  |  memory used   : 50.125 kB
|  |  total cputime : 112.0 s
|  |  cputime/iter  : 112.0 s
|  |  interactions/s: 84.8571428571
|  experiment: nb=4, mem=12 kB, case=2: completed in 0.00744 s.
|  
|  experiment: nb=5, mem=23.4 kB, case=2 ... 
|  |      nb = 5
|  |  natoms = 500
|  |    rmin = 1.12246204831
|  |       a = 1.58740105197
|  |  cutoff = 3.36738614493
|  |       w = 3.36738614493
|  |  nb*a/w = 2.35702260396
|  |  build_verlet_list(atoms=500, case=2) ... 
|  |  |  ParticleContainer.build_verlet_list_hilbert: w=3.36738614493, rc=3.36738614493 ... 
|  |  |  |  ParticleContainer.build_verlet_list - spatial sort ... completed in 7.39e-05 s.
|  |  |  |  ParticleContainer.build_verlet_list - building hilbert list ... completed in 0.00016 s.
|  |  |  |  ParticleContainer.build_verlet_list - building verlet list ... 
|  |  |  |  |  (executing C++ version)
|  |  |  |  ParticleContainer.build_verlet_list - building verlet list: completed in 0.00443 s.
|  |  |  ParticleContainer.build_verlet_list_hilbert: w=3.36738614493, rc=3.36738614493: completed in 0.00473 s.
|  |  build_verlet_list(atoms=500, case=2): completed in 0.00476 s.
|  |  ParticleContainer.compute_interactions - computing interactions ...
|  |  1 x ParticleContainer.compute_interactions_verlet done in 240.0s
|  |  memory used   : 113.3203125 kB
|  |  total cputime : 240.0 s
|  |  cputime/iter  : 240.0 s
|  |  interactions/s: 93.7916666667
|  experiment: nb=5, mem=23.4 kB, case=2: completed in 0.0138 s.
|  
|  experiment: nb=6, mem=40.5 kB, case=2 ... 
|  |      nb = 6
|  |  natoms = 864
|  |    rmin = 1.12246204831
|  |       a = 1.58740105197
|  |  cutoff = 3.36738614493
|  |       w = 3.36738614493
|  |  nb*a/w = 2.82842712475
|  |  build_verlet_list(atoms=864, case=2) ... 
|  |  |  ParticleContainer.build_verlet_list_hilbert: w=3.36738614493, rc=3.36738614493 ... 
|  |  |  |  ParticleContainer.build_verlet_list - spatial sort ... completed in 0.000105 s.
|  |  |  |  ParticleContainer.build_verlet_list - building hilbert list ... completed in 0.000238 s.
|  |  |  |  ParticleContainer.build_verlet_list - building verlet list ... 
|  |  |  |  |  (executing C++ version)
|  |  |  |  ParticleContainer.build_verlet_list - building verlet list: completed in 0.00768 s.
|  |  |  ParticleContainer.build_verlet_list_hilbert: w=3.36738614493, rc=3.36738614493: completed in 0.00809 s.
|  |  build_verlet_list(atoms=864, case=2): completed in 0.00811 s.
|  |  ParticleContainer.compute_interactions - computing interactions ...
|  |  1 x ParticleContainer.compute_interactions_verlet done in 415.0s
|  |  memory used   : 211.875 kB
|  |  total cputime : 415.0 s
|  |  cputime/iter  : 415.0 s
|  |  interactions/s: 103.63373494
|  experiment: nb=6, mem=40.5 kB, case=2: completed in 0.0233 s.
|  
|  experiment: nb=7, mem=64.3 kB, case=2 ... 
|  |      nb = 7
|  |  natoms = 1372
|  |    rmin = 1.12246204831
|  |       a = 1.58740105197
|  |  cutoff = 3.36738614493
|  |       w = 3.36738614493
|  |  nb*a/w = 3.29983164554
|  |  build_verlet_list(atoms=1372, case=2) ... 
|  |  |  ParticleContainer.build_verlet_list_hilbert: w=3.36738614493, rc=3.36738614493 ... 
|  |  |  |  ParticleContainer.build_verlet_list - spatial sort ... completed in 0.000154 s.
|  |  |  |  ParticleContainer.build_verlet_list - building hilbert list ... completed in 0.000349 s.
|  |  |  |  ParticleContainer.build_verlet_list - building verlet list ... 
|  |  |  |  |  (executing C++ version)
|  |  |  |  ParticleContainer.build_verlet_list - building verlet list: completed in 0.0121 s.
|  |  |  ParticleContainer.build_verlet_list_hilbert: w=3.36738614493, rc=3.36738614493: completed in 0.0127 s.
|  |  build_verlet_list(atoms=1372, case=2): completed in 0.0127 s.
|  |  ParticleContainer.compute_interactions - computing interactions ...
|  |  1 x ParticleContainer.compute_interactions_verlet done in 681.0s
|  |  memory used   : 358.9375 kB
|  |  total cputime : 681.0 s
|  |  cputime/iter  : 681.0 s
|  |  interactions/s: 108.740088106
|  experiment: nb=7, mem=64.3 kB, case=2: completed in 0.0367 s.
|  
|  experiment: nb=8, mem=96 kB, case=2 ... 
|  |      nb = 8
|  |  natoms = 2048
|  |    rmin = 1.12246204831
|  |       a = 1.58740105197
|  |  cutoff = 3.36738614493
|  |       w = 3.36738614493
|  |  nb*a/w = 3.77123616633
|  |  build_verlet_list(atoms=2048, case=2) ... 
|  |  |  ParticleContainer.build_verlet_list_hilbert: w=3.36738614493, rc=3.36738614493 ... 
|  |  |  |  ParticleContainer.build_verlet_list - spatial sort ... completed in 0.000231 s.
|  |  |  |  ParticleContainer.build_verlet_list - building hilbert list ... completed in 0.000525 s.
|  |  |  |  ParticleContainer.build_verlet_list - building verlet list ... 
|  |  |  |  |  (executing C++ version)
|  |  |  |  ParticleContainer.build_verlet_list - building verlet list: completed in 0.0186 s.
|  |  |  ParticleContainer.build_verlet_list_hilbert: w=3.36738614493, rc=3.36738614493: completed in 0.0194 s.
|  |  build_verlet_list(atoms=2048, case=2): completed in 0.0194 s.
|  |  ParticleContainer.compute_interactions - computing interactions ...
|  |  1 x ParticleContainer.compute_interactions_verlet done in 1165.0s
|  |  memory used   : 566.2578125 kB
|  |  total cputime : 1165.0 s
|  |  cputime/iter  : 1165.0 s
|  |  interactions/s: 101.577682403
|  experiment: nb=8, mem=96 kB, case=2: completed in 0.0548 s.
|  
|  experiment: nb=10, mem=188 kB, case=2 ... 
|  |      nb = 10
|  |  natoms = 4000
|  |    rmin = 1.12246204831
|  |       a = 1.58740105197
|  |  cutoff = 3.36738614493
|  |       w = 3.36738614493
|  |  nb*a/w = 4.71404520791
|  |  build_verlet_list(atoms=4000, case=2) ... 
|  |  |  ParticleContainer.build_verlet_list_hilbert: w=3.36738614493, rc=3.36738614493 ... 
|  |  |  |  ParticleContainer.build_verlet_list - spatial sort ... completed in 0.00043 s.
|  |  |  |  ParticleContainer.build_verlet_list - building hilbert list ... completed in 0.00132 s.
|  |  |  |  ParticleContainer.build_verlet_list - building verlet list ... 
|  |  |  |  |  (executing C++ version)
|  |  |  |  ParticleContainer.build_verlet_list - building verlet list: completed in 0.0374 s.
|  |  |  ParticleContainer.build_verlet_list_hilbert: w=3.36738614493, rc=3.36738614493: completed in 0.0393 s.
|  |  build_verlet_list(atoms=4000, case=2): completed in 0.0393 s.
|  |  ParticleContainer.compute_interactions - computing interactions ...
|  |  1 x ParticleContainer.compute_interactions_verlet done in 2286.0s
|  |  memory used   : 1160.7734375 kB
|  |  total cputime : 2286.0 s
|  |  cputime/iter  : 2286.0 s
|  |  interactions/s: 107.243219598
|  experiment: nb=10, mem=188 kB, case=2: completed in 0.108 s.
|  
|  experiment: nb=12, mem=324 kB, case=2 ... 
|  |      nb = 12
|  |  natoms = 6912
|  |    rmin = 1.12246204831
|  |       a = 1.58740105197
|  |  cutoff = 3.36738614493
|  |       w = 3.36738614493
|  |  nb*a/w = 5.65685424949
|  |  build_verlet_list(atoms=6912, case=2) ... 
|  |  |  ParticleContainer.build_verlet_list_hilbert: w=3.36738614493, rc=3.36738614493 ... 
|  |  |  |  ParticleContainer.build_verlet_list - spatial sort ... completed in 0.000796 s.
|  |  |  |  ParticleContainer.build_verlet_list - building hilbert list ... completed in 0.00201 s.
|  |  |  |  ParticleContainer.build_verlet_list - building verlet list ... 
|  |  |  |  |  (executing C++ version)
|  |  |  |  ParticleContainer.build_verlet_list - building verlet list: completed in 0.0646 s.
|  |  |  ParticleContainer.build_verlet_list_hilbert: w=3.36738614493, rc=3.36738614493: completed in 0.0675 s.
|  |  build_verlet_list(atoms=6912, case=2): completed in 0.0675 s.
|  |  ParticleContainer.compute_interactions - computing interactions ...
|  |  1 x ParticleContainer.compute_interactions_verlet done in 4333.0s
|  |  memory used   : 2100.09375 kB
|  |  total cputime : 4333.0 s
|  |  cputime/iter  : 4333.0 s
|  |  interactions/s: 103.339026079
|  experiment: nb=12, mem=324 kB, case=2: completed in 0.186 s.
|  
|  experiment: nb=15, mem=633 kB, case=2 ... 
|  |      nb = 15
|  |  natoms = 13500
|  |    rmin = 1.12246204831
|  |       a = 1.58740105197
|  |  cutoff = 3.36738614493
|  |       w = 3.36738614493
|  |  nb*a/w = 7.07106781187
|  |  build_verlet_list(atoms=13500, case=2) ... 
|  |  |  ParticleContainer.build_verlet_list_hilbert: w=3.36738614493, rc=3.36738614493 ... 
|  |  |  |  ParticleContainer.build_verlet_list - spatial sort ... completed in 0.00146 s.
|  |  |  |  ParticleContainer.build_verlet_list - building hilbert list ... completed in 0.00353 s.
|  |  |  |  ParticleContainer.build_verlet_list - building verlet list ... 
|  |  |  |  |  (executing C++ version)
|  |  |  |  ParticleContainer.build_verlet_list - building verlet list: completed in 0.128 s.
|  |  |  ParticleContainer.build_verlet_list_hilbert: w=3.36738614493, rc=3.36738614493: completed in 0.133 s.
|  |  build_verlet_list(atoms=13500, case=2): completed in 0.133 s.
|  |  ParticleContainer.compute_interactions - computing interactions ...
|  |  1 x ParticleContainer.compute_interactions_verlet done in 8256.0s
|  |  memory used   : 4159.4296875 kB
|  |  total cputime : 8256.0 s
|  |  cputime/iter  : 8256.0 s
|  |  interactions/s: 107.717296512
|  experiment: nb=15, mem=633 kB, case=2: completed in 0.365 s.
|  
|  experiment: nb=18, mem=1.09e+03 kB, case=2 ... 
|  |      nb = 18
|  |  natoms = 23328
|  |    rmin = 1.12246204831
|  |       a = 1.58740105197
|  |  cutoff = 3.36738614493
|  |       w = 3.36738614493
|  |  nb*a/w = 8.48528137424
|  |  build_verlet_list(atoms=23328, case=2) ... 
|  |  |  ParticleContainer.build_verlet_list_hilbert: w=3.36738614493, rc=3.36738614493 ... 
|  |  |  |  ParticleContainer.build_verlet_list - spatial sort ... completed in 0.0026 s.
|  |  |  |  ParticleContainer.build_verlet_list - building hilbert list ... completed in 0.00811 s.
|  |  |  |  ParticleContainer.build_verlet_list - building verlet list ... 
|  |  |  |  |  (executing C++ version)
|  |  |  |  ParticleContainer.build_verlet_list - building verlet list: completed in 0.226 s.
|  |  |  ParticleContainer.build_verlet_list_hilbert: w=3.36738614493, rc=3.36738614493: completed in 0.237 s.
|  |  build_verlet_list(atoms=23328, case=2): completed in 0.237 s.
|  |  ParticleContainer.compute_interactions - computing interactions ...
|  |  1 x ParticleContainer.compute_interactions_verlet done in 14840.0s
|  |  memory used   : 7434.1796875 kB
|  |  total cputime : 14840.0 s
|  |  cputime/iter  : 14840.0 s
|  |  interactions/s: 107.80902965
|  experiment: nb=18, mem=1.09e+03 kB, case=2: completed in 0.637 s.
|  
|  experiment: nb=22, mem=2e+03 kB, case=2 ... 
|  |      nb = 22
|  |  natoms = 42592
|  |    rmin = 1.12246204831
|  |       a = 1.58740105197
|  |  cutoff = 3.36738614493
|  |       w = 3.36738614493
|  |  nb*a/w = 10.3708994574
|  |  build_verlet_list(atoms=42592, case=2) ... 
|  |  |  ParticleContainer.build_verlet_list_hilbert: w=3.36738614493, rc=3.36738614493 ... 
|  |  |  |  ParticleContainer.build_verlet_list - spatial sort ... completed in 0.00474 s.
|  |  |  |  ParticleContainer.build_verlet_list - building hilbert list ... completed in 0.0126 s.
|  |  |  |  ParticleContainer.build_verlet_list - building verlet list ... 
|  |  |  |  |  (executing C++ version)
|  |  |  |  ParticleContainer.build_verlet_list - building verlet list: completed in 0.414 s.
|  |  |  ParticleContainer.build_verlet_list_hilbert: w=3.36738614493, rc=3.36738614493: completed in 0.432 s.
|  |  build_verlet_list(atoms=42592, case=2): completed in 0.432 s.
|  |  ParticleContainer.compute_interactions - computing interactions ...
|  |  1 x ParticleContainer.compute_interactions_verlet done in 27757.0s
|  |  memory used   : 13892.234375 kB
|  |  total cputime : 27757.0 s
|  |  cputime/iter  : 27757.0 s
|  |  interactions/s: 108.178693663
|  experiment: nb=22, mem=2e+03 kB, case=2: completed in 1.17 s.
|  
|  experiment: nb=27, mem=3.69e+03 kB, case=2 ... 
|  |      nb = 27
|  |  natoms = 78732
|  |    rmin = 1.12246204831
|  |       a = 1.58740105197
|  |  cutoff = 3.36738614493
|  |       w = 3.36738614493
|  |  nb*a/w = 12.7279220614
|  |  build_verlet_list(atoms=78732, case=2) ... 
|  |  |  ParticleContainer.build_verlet_list_hilbert: w=3.36738614493, rc=3.36738614493 ... 
|  |  |  |  ParticleContainer.build_verlet_list - spatial sort ... completed in 0.00887 s.
|  |  |  |  ParticleContainer.build_verlet_list - building hilbert list ... completed in 0.0211 s.
|  |  |  |  ParticleContainer.build_verlet_list - building verlet list ... 
|  |  |  |  |  (executing C++ version)
|  |  |  |  ParticleContainer.build_verlet_list - building verlet list: completed in 0.765 s.
|  |  |  ParticleContainer.build_verlet_list_hilbert: w=3.36738614493, rc=3.36738614493: completed in 0.796 s.
|  |  build_verlet_list(atoms=78732, case=2): completed in 0.796 s.
|  |  ParticleContainer.compute_interactions - computing interactions ...
|  |  1 x ParticleContainer.compute_interactions_verlet done in 51269.0s
|  |  memory used   : 25638.0546875 kB
|  |  total cputime : 51269.0 s
|  |  cputime/iter  : 51269.0 s
|  |  interactions/s: 108.05410677
|  experiment: nb=27, mem=3.69e+03 kB, case=2: completed in 2.15 s.
|  
|  experiment: nb=34, mem=7.37e+03 kB, case=2 ... 
|  |      nb = 34
|  |  natoms = 157216
|  |    rmin = 1.12246204831
|  |       a = 1.58740105197
|  |  cutoff = 3.36738614493
|  |       w = 3.36738614493
|  |  nb*a/w = 16.0277537069
|  |  build_verlet_list(atoms=157216, case=2) ... 
|  |  |  ParticleContainer.build_verlet_list_hilbert: w=3.36738614493, rc=3.36738614493 ... 
|  |  |  |  ParticleContainer.build_verlet_list - spatial sort ... completed in 0.0178 s.
|  |  |  |  ParticleContainer.build_verlet_list - building hilbert list ... completed in 0.0393 s.
|  |  |  |  ParticleContainer.build_verlet_list - building verlet list ... 
|  |  |  |  |  (executing C++ version)
|  |  |  |  ParticleContainer.build_verlet_list - building verlet list: completed in 1.54 s.
|  |  |  ParticleContainer.build_verlet_list_hilbert: w=3.36738614493, rc=3.36738614493: completed in 1.6 s.
|  |  build_verlet_list(atoms=157216, case=2): completed in 1.6 s.
|  |  ParticleContainer.compute_interactions - computing interactions ...
|  |  1 x ParticleContainer.compute_interactions_verlet done in 106189.0s
|  |  memory used   : 52707.203125 kB
|  |  total cputime : 106189.0 s
|  |  cputime/iter  : 106189.0 s
|  |  interactions/s: 107.819416324
|  experiment: nb=34, mem=7.37e+03 kB, case=2: completed in 4.32 s.
|  
|  experiment: nb=42, mem=1.39e+04 kB, case=2 ... 
|  |      nb = 42
|  |  natoms = 296352
|  |    rmin = 1.12246204831
|  |       a = 1.58740105197
|  |  cutoff = 3.36738614493
|  |       w = 3.36738614493
|  |  nb*a/w = 19.7989898732
|  |  build_verlet_list(atoms=296352, case=2) ... 
|  |  |  ParticleContainer.build_verlet_list_hilbert: w=3.36738614493, rc=3.36738614493 ... 
|  |  |  |  ParticleContainer.build_verlet_list - spatial sort ... completed in 0.0334 s.
|  |  |  |  ParticleContainer.build_verlet_list - building hilbert list ... completed in 0.0903 s.
|  |  |  |  ParticleContainer.build_verlet_list - building verlet list ... 
|  |  |  |  |  (executing C++ version)
|  |  |  |  ParticleContainer.build_verlet_list - building verlet list: completed in 2.95 s.
|  |  |  ParticleContainer.build_verlet_list_hilbert: w=3.36738614493, rc=3.36738614493: completed in 3.07 s.
|  |  build_verlet_list(atoms=296352, case=2): completed in 3.07 s.
|  |  ParticleContainer.compute_interactions - computing interactions ...
|  |  1 x ParticleContainer.compute_interactions_verlet done in 200671.0s
|  |  memory used   : 99715.1484375 kB
|  |  total cputime : 200671.0 s
|  |  cputime/iter  : 200671.0 s
|  |  interactions/s: 108.010135994
|  experiment: nb=42, mem=1.39e+04 kB, case=2: completed in 8.24 s.
|  
|  experiment: nb=52, mem=2.64e+04 kB, case=2 ... 
|  |      nb = 52
|  |  natoms = 562432
|  |    rmin = 1.12246204831
|  |       a = 1.58740105197
|  |  cutoff = 3.36738614493
|  |       w = 3.36738614493
|  |  nb*a/w = 24.5130350811
|  |  build_verlet_list(atoms=562432, case=2) ... 
|  |  |  ParticleContainer.build_verlet_list_hilbert: w=3.36738614493, rc=3.36738614493 ... 
|  |  |  |  ParticleContainer.build_verlet_list - spatial sort ... completed in 0.0665 s.
|  |  |  |  ParticleContainer.build_verlet_list - building hilbert list ... completed in 0.153 s.
|  |  |  |  ParticleContainer.build_verlet_list - building verlet list ... 
|  |  |  |  |  (executing C++ version)
|  |  |  |  ParticleContainer.build_verlet_list - building verlet list: completed in 5.62 s.
|  |  |  ParticleContainer.build_verlet_list_hilbert: w=3.36738614493, rc=3.36738614493: completed in 5.84 s.
|  |  build_verlet_list(atoms=562432, case=2): completed in 5.84 s.
|  |  ParticleContainer.compute_interactions - computing interactions ...
|  |  1 x ParticleContainer.compute_interactions_verlet done in 389897.0s
|  |  memory used   : 192309.507812 kB
|  |  total cputime : 389897.0 s
|  |  cputime/iter  : 389897.0 s
|  |  interactions/s: 107.51459488
|  experiment: nb=52, mem=2.64e+04 kB, case=2: completed in 15.7 s.
|  
|  experiment: nb=65, mem=5.15e+04 kB, case=2 ... 
|  |      nb = 65
|  |  natoms = 1098500
|  |    rmin = 1.12246204831
|  |       a = 1.58740105197
|  |  cutoff = 3.36738614493
|  |       w = 3.36738614493
|  |  nb*a/w = 30.6412938514
|  |  build_verlet_list(atoms=1098500, case=2) ... 
|  |  |  ParticleContainer.build_verlet_list_hilbert: w=3.36738614493, rc=3.36738614493 ... 
|  |  |  |  ParticleContainer.build_verlet_list - spatial sort ... completed in 0.135 s.
|  |  |  |  ParticleContainer.build_verlet_list - building hilbert list ... completed in 0.278 s.
|  |  |  |  ParticleContainer.build_verlet_list - building verlet list ... 
|  |  |  |  |  (executing C++ version)
|  |  |  |  ParticleContainer.build_verlet_list - building verlet list: completed in 11 s.
|  |  |  ParticleContainer.build_verlet_list_hilbert: w=3.36738614493, rc=3.36738614493: completed in 11.4 s.
|  |  build_verlet_list(atoms=1098500, case=2): completed in 11.4 s.
|  |  ParticleContainer.compute_interactions - computing interactions ...
|  |  1 x ParticleContainer.compute_interactions_verlet done in 777389.0s
|  |  memory used   : 380205.109375 kB
|  |  total cputime : 777389.0 s
|  |  cputime/iter  : 777389.0 s
|  |  interactions/s: 106.834555158
|  experiment: nb=65, mem=5.15e+04 kB, case=2: completed in 30.5 s.
|  
|  experiment: nb=81, mem=9.96e+04 kB, case=2 ... 
|  |      nb = 81
|  |  natoms = 2125764
|  |    rmin = 1.12246204831
|  |       a = 1.58740105197
|  |  cutoff = 3.36738614493
|  |       w = 3.36738614493
|  |  nb*a/w = 38.1837661841
|  |  build_verlet_list(atoms=2125764, case=2) ... 
|  |  |  ParticleContainer.build_verlet_list_hilbert: w=3.36738614493, rc=3.36738614493 ... 
|  |  |  |  ParticleContainer.build_verlet_list - spatial sort ... completed in 0.276 s.
|  |  |  |  ParticleContainer.build_verlet_list - building hilbert list ... completed in 0.664 s.
|  |  |  |  ParticleContainer.build_verlet_list - building verlet list ... 
|  |  |  |  |  (executing C++ version)
|  |  |  |  ParticleContainer.build_verlet_list - building verlet list: completed in 21.5 s.
|  |  |  ParticleContainer.build_verlet_list_hilbert: w=3.36738614493, rc=3.36738614493: completed in 22.5 s.
|  |  build_verlet_list(atoms=2125764, case=2): completed in 22.5 s.
|  |  ParticleContainer.compute_interactions - computing interactions ...
|  |  1 x ParticleContainer.compute_interactions_verlet done in 1504563.0s
|  |  memory used   : 740121.328125 kB
|  |  total cputime : 1504563.0 s
|  |  cputime/iter  : 1504563.0 s
|  |  interactions/s: 107.5635437
|  experiment: nb=81, mem=9.96e+04 kB, case=2: completed in 59.5 s.
|  
|  experiment: nb=102, mem=1.99e+05 kB, case=2 ... 
|  |      nb = 102
|  |  natoms = 4244832
|  |    rmin = 1.12246204831
|  |       a = 1.58740105197
|  |  cutoff = 3.36738614493
|  |       w = 3.36738614493
|  |  nb*a/w = 48.0832611207
|  |  build_verlet_list(atoms=4244832, case=2) ... 
|  |  |  ParticleContainer.build_verlet_list_hilbert: w=3.36738614493, rc=3.36738614493 ... 
|  |  |  |  ParticleContainer.build_verlet_list - spatial sort ... completed in 0.582 s.
|  |  |  |  ParticleContainer.build_verlet_list - building hilbert list ... completed in 1.16 s.
|  |  |  |  ParticleContainer.build_verlet_list - building verlet list ... 
|  |  |  |  |  (executing C++ version)
|  |  |  |  ParticleContainer.build_verlet_list - building verlet list: completed in 42.8 s.
|  |  |  ParticleContainer.build_verlet_list_hilbert: w=3.36738614493, rc=3.36738614493: completed in 44.6 s.
|  |  build_verlet_list(atoms=4244832, case=2): completed in 44.6 s.
|  |  ParticleContainer.compute_interactions - computing interactions ...
|  |  1 x ParticleContainer.compute_interactions_verlet done in 3036274.0s
|  |  memory used   : 1490122.13281 kB
|  |  total cputime : 3036274.0 s
|  |  cputime/iter  : 3036274.0 s
|  |  interactions/s: 107.463440388
|  experiment: nb=102, mem=1.99e+05 kB, case=2: completed in 119 s.
|  
|  experiment: nb=128, mem=3.93e+05 kB, case=2 ... 
|  |      nb = 128
|  |  natoms = 8388608
|  |    rmin = 1.12246204831
|  |       a = 1.58740105197
|  |  cutoff = 3.36738614493
|  |       w = 3.36738614493
|  |  nb*a/w = 60.3397786613
|  |  build_verlet_list(atoms=8388608, case=2) ... 
|  |  |  ParticleContainer.build_verlet_list_hilbert: w=3.36738614493, rc=3.36738614493 ... 
|  |  |  |  ParticleContainer.build_verlet_list - spatial sort ... completed in 1.18 s.
|  |  |  |  ParticleContainer.build_verlet_list - building hilbert list ... completed in 2.13 s.
|  |  |  |  ParticleContainer.build_verlet_list - building verlet list ... 
|  |  |  |  |  (executing C++ version)
|  |  |  |  ParticleContainer.build_verlet_list - building verlet list: completed in 84.1 s.
|  |  |  ParticleContainer.build_verlet_list_hilbert: w=3.36738614493, rc=3.36738614493: completed in 87.4 s.
|  |  build_verlet_list(atoms=8388608, case=2): completed in 87.4 s.
|  |  ParticleContainer.compute_interactions - computing interactions ...
|  |  1 x ParticleContainer.compute_interactions_verlet done in 6913130.0s
|  |  memory used   : 2962871.53906 kB
|  |  total cputime : 6913130.0 s
|  |  cputime/iter  : 6913130.0 s
|  |  interactions/s: 93.9434395129
|  experiment: nb=128, mem=3.93e+05 kB, case=2: completed in 234 s.
|  
experiment.py: completed in 1.57e+03 s.

